<?xml version="1.0" encoding="UTF-8"?>
<testng-results ignored="0" total="10" passed="10" failed="0" skipped="0">
  <reporter-output>
  </reporter-output>
  <suite started-at="2025-03-17T05:28:17Z" name="LambdaTestSuite" finished-at="2025-03-17T05:28:38Z" duration-ms="20844">
    <groups>
    </groups>
    <test started-at="2025-03-17T05:28:17Z" name="Edge Test" finished-at="2025-03-17T05:28:38Z" duration-ms="20844">
      <class name="automation.LambdaTestAutomationGrid">
        <test-method is-config="true" signature="setup(java.lang.String, java.lang.String, java.lang.String)[pri:0, instance:automation.LambdaTestAutomationGrid@60611244]" started-at="2025-03-17T05:28:17Z" name="setup" finished-at="2025-03-17T05:28:31Z" duration-ms="14320" status="PASS">
          <params>
            <param index="0">
              <value>
                <![CDATA[MicrosoftEdge]]>
              </value>
            </param>
            <param index="1">
              <value>
                <![CDATA[127.0]]>
              </value>
            </param>
            <param index="2">
              <value>
                <![CDATA[macOS Ventura]]>
              </value>
            </param>
          </params>
          <reporter-output>
          </reporter-output>
        </test-method> <!-- setup -->
        <test-method signature="navigateToLambdaTest()[pri:1, instance:automation.LambdaTestAutomationGrid@60611244]" started-at="2025-03-17T05:28:31Z" name="navigateToLambdaTest" finished-at="2025-03-17T05:28:32Z" duration-ms="316" status="PASS">
          <reporter-output>
          </reporter-output>
        </test-method> <!-- navigateToLambdaTest -->
        <test-method signature="clickExploreAllIntegrations()[pri:2, instance:automation.LambdaTestAutomationGrid@60611244]" started-at="2025-03-17T05:28:32Z" name="clickExploreAllIntegrations" finished-at="2025-03-17T05:28:32Z" duration-ms="279" status="PASS">
          <reporter-output>
          </reporter-output>
        </test-method> <!-- clickExploreAllIntegrations -->
        <test-method signature="handleNewTab()[pri:3, instance:automation.LambdaTestAutomationGrid@60611244]" started-at="2025-03-17T05:28:32Z" name="handleNewTab" finished-at="2025-03-17T05:28:32Z" duration-ms="97" status="PASS">
          <reporter-output>
          </reporter-output>
        </test-method> <!-- handleNewTab -->
        <test-method signature="verifyIntegrationsPageURL()[pri:4, instance:automation.LambdaTestAutomationGrid@60611244]" started-at="2025-03-17T05:28:32Z" name="verifyIntegrationsPageURL" finished-at="2025-03-17T05:28:32Z" duration-ms="118" status="PASS">
          <reporter-output>
          </reporter-output>
        </test-method> <!-- verifyIntegrationsPageURL -->
        <test-method signature="scrollToCodelessAutomation()[pri:5, instance:automation.LambdaTestAutomationGrid@60611244]" started-at="2025-03-17T05:28:32Z" name="scrollToCodelessAutomation" finished-at="2025-03-17T05:28:32Z" duration-ms="87" status="PASS">
          <reporter-output>
          </reporter-output>
        </test-method> <!-- scrollToCodelessAutomation -->
        <test-method signature="clickTestingWhizIntegration()[pri:6, instance:automation.LambdaTestAutomationGrid@60611244]" started-at="2025-03-17T05:28:32Z" name="clickTestingWhizIntegration" finished-at="2025-03-17T05:28:33Z" duration-ms="536" status="PASS">
          <reporter-output>
          </reporter-output>
        </test-method> <!-- clickTestingWhizIntegration -->
        <test-method signature="verifyTestingWhizPageTitle()[pri:7, instance:automation.LambdaTestAutomationGrid@60611244]" started-at="2025-03-17T05:28:33Z" name="verifyTestingWhizPageTitle" finished-at="2025-03-17T05:28:33Z" duration-ms="89" status="PASS">
          <reporter-output>
          </reporter-output>
        </test-method> <!-- verifyTestingWhizPageTitle -->
        <test-method signature="closeNewTabAndSwitchBack()[pri:8, instance:automation.LambdaTestAutomationGrid@60611244]" started-at="2025-03-17T05:28:33Z" name="closeNewTabAndSwitchBack" finished-at="2025-03-17T05:28:33Z" duration-ms="195" status="PASS">
          <reporter-output>
          </reporter-output>
        </test-method> <!-- closeNewTabAndSwitchBack -->
        <test-method signature="navigateToBlog()[pri:9, instance:automation.LambdaTestAutomationGrid@60611244]" started-at="2025-03-17T05:28:33Z" name="navigateToBlog" finished-at="2025-03-17T05:28:34Z" duration-ms="761" status="PASS">
          <reporter-output>
          </reporter-output>
        </test-method> <!-- navigateToBlog -->
        <test-method signature="clickCommunityLinkAndVerify()[pri:10, instance:automation.LambdaTestAutomationGrid@60611244]" started-at="2025-03-17T05:28:34Z" name="clickCommunityLinkAndVerify" finished-at="2025-03-17T05:28:38Z" duration-ms="3781" status="PASS">
          <reporter-output>
          </reporter-output>
        </test-method> <!-- clickCommunityLinkAndVerify -->
        <test-method is-config="true" signature="tearDown()[pri:0, instance:automation.LambdaTestAutomationGrid@60611244]" started-at="2025-03-17T05:28:38Z" name="tearDown" finished-at="2025-03-17T05:28:38Z" duration-ms="245" status="PASS">
          <reporter-output>
          </reporter-output>
        </test-method> <!-- tearDown -->
      </class> <!-- automation.LambdaTestAutomationGrid -->
    </test> <!-- Edge Test -->
  </suite> <!-- LambdaTestSuite -->
</testng-results>
