<?xml version="1.0" encoding="UTF-8"?>
<testng-results ignored="0" total="10" passed="10" failed="0" skipped="0">
  <reporter-output>
  </reporter-output>
  <suite started-at="2025-03-17T03:59:57Z" name="Default suite" finished-at="2025-03-17T04:00:11Z" duration-ms="13473">
    <groups>
    </groups>
    <test started-at="2025-03-17T03:59:57Z" name="Default test" finished-at="2025-03-17T04:00:11Z" duration-ms="13473">
      <class name="automation.AutomationGrid2">
        <test-method is-config="true" signature="setup()[pri:0, instance:automation.AutomationGrid2@78641d23]" started-at="2025-03-17T03:59:57Z" name="setup" finished-at="2025-03-17T03:59:59Z" duration-ms="1596" status="PASS">
          <reporter-output>
          </reporter-output>
        </test-method> <!-- setup -->
        <test-method signature="navigateToLambdaTest()[pri:1, instance:automation.AutomationGrid2@78641d23]" started-at="2025-03-17T03:59:59Z" name="navigateToLambdaTest" finished-at="2025-03-17T04:00:02Z" duration-ms="2567" status="PASS">
          <reporter-output>
          </reporter-output>
        </test-method> <!-- navigateToLambdaTest -->
        <test-method signature="clickExploreAllIntegrations()[pri:2, instance:automation.AutomationGrid2@78641d23]" started-at="2025-03-17T04:00:02Z" name="clickExploreAllIntegrations" finished-at="2025-03-17T04:00:02Z" duration-ms="329" status="PASS">
          <reporter-output>
          </reporter-output>
        </test-method> <!-- clickExploreAllIntegrations -->
        <test-method signature="handleNewTab()[pri:3, instance:automation.AutomationGrid2@78641d23]" started-at="2025-03-17T04:00:02Z" name="handleNewTab" finished-at="2025-03-17T04:00:02Z" duration-ms="318" status="PASS">
          <reporter-output>
          </reporter-output>
        </test-method> <!-- handleNewTab -->
        <test-method signature="verifyIntegrationsPageURL()[pri:4, instance:automation.AutomationGrid2@78641d23]" started-at="2025-03-17T04:00:02Z" name="verifyIntegrationsPageURL" finished-at="2025-03-17T04:00:02Z" duration-ms="27" status="PASS">
          <reporter-output>
          </reporter-output>
        </test-method> <!-- verifyIntegrationsPageURL -->
        <test-method signature="scrollToCodelessAutomation()[pri:5, instance:automation.AutomationGrid2@78641d23]" started-at="2025-03-17T04:00:02Z" name="scrollToCodelessAutomation" finished-at="2025-03-17T04:00:02Z" duration-ms="33" status="PASS">
          <reporter-output>
          </reporter-output>
        </test-method> <!-- scrollToCodelessAutomation -->
        <test-method signature="clickTestingWhizIntegration()[pri:6, instance:automation.AutomationGrid2@78641d23]" started-at="2025-03-17T04:00:02Z" name="clickTestingWhizIntegration" finished-at="2025-03-17T04:00:03Z" duration-ms="965" status="PASS">
          <reporter-output>
          </reporter-output>
        </test-method> <!-- clickTestingWhizIntegration -->
        <test-method signature="verifyTestingWhizPageTitle()[pri:7, instance:automation.AutomationGrid2@78641d23]" started-at="2025-03-17T04:00:03Z" name="verifyTestingWhizPageTitle" finished-at="2025-03-17T04:00:03Z" duration-ms="162" status="PASS">
          <reporter-output>
          </reporter-output>
        </test-method> <!-- verifyTestingWhizPageTitle -->
        <test-method signature="closeNewTabAndSwitchBack()[pri:8, instance:automation.AutomationGrid2@78641d23]" started-at="2025-03-17T04:00:03Z" name="closeNewTabAndSwitchBack" finished-at="2025-03-17T04:00:04Z" duration-ms="87" status="PASS">
          <reporter-output>
          </reporter-output>
        </test-method> <!-- closeNewTabAndSwitchBack -->
        <test-method signature="navigateToBlog()[pri:9, instance:automation.AutomationGrid2@78641d23]" started-at="2025-03-17T04:00:04Z" name="navigateToBlog" finished-at="2025-03-17T04:00:04Z" duration-ms="861" status="PASS">
          <reporter-output>
          </reporter-output>
        </test-method> <!-- navigateToBlog -->
        <test-method signature="clickCommunityLinkAndVerify()[pri:10, instance:automation.AutomationGrid2@78641d23]" started-at="2025-03-17T04:00:04Z" name="clickCommunityLinkAndVerify" finished-at="2025-03-17T04:00:09Z" duration-ms="4528" status="PASS">
          <reporter-output>
          </reporter-output>
        </test-method> <!-- clickCommunityLinkAndVerify -->
        <test-method is-config="true" signature="tearDown()[pri:0, instance:automation.AutomationGrid2@78641d23]" started-at="2025-03-17T04:00:09Z" name="tearDown" finished-at="2025-03-17T04:00:11Z" duration-ms="1958" status="PASS">
          <reporter-output>
          </reporter-output>
        </test-method> <!-- tearDown -->
      </class> <!-- automation.AutomationGrid2 -->
    </test> <!-- Default test -->
  </suite> <!-- Default suite -->
</testng-results>
