<?xml version="1.0" encoding="UTF-8"?>
<!-- Generated by org.testng.reporters.JUnitXMLReporter -->
<testsuite ignored="0" hostname="LAPTOP-KHP3G1HB" failures="0" tests="10" name="Chrome Test" time="22.172" errors="0" timestamp="17 Mar 2025 05:24:57 GMT">
  <testcase classname="automation.LambdaTestAutomationGrid" name="navigateToLambdaTest" time="1.723"/>
  <testcase classname="automation.LambdaTestAutomationGrid" name="clickExploreAllIntegrations" time="1.207"/>
  <testcase classname="automation.LambdaTestAutomationGrid" name="handleNewTab" time="0.759"/>
  <testcase classname="automation.LambdaTestAutomationGrid" name="verifyIntegrationsPageURL" time="0.249"/>
  <testcase classname="automation.LambdaTestAutomationGrid" name="scrollToCodelessAutomation" time="0.481"/>
  <testcase classname="automation.LambdaTestAutomationGrid" name="clickTestingWhizIntegration" time="1.675"/>
  <testcase classname="automation.LambdaTestAutomationGrid" name="verifyTestingWhizPageTitle" time="0.7"/>
  <testcase classname="automation.LambdaTestAutomationGrid" name="closeNewTabAndSwitchBack" time="0.725"/>
  <testcase classname="automation.LambdaTestAutomationGrid" name="navigateToBlog" time="0.602"/>
  <testcase classname="automation.LambdaTestAutomationGrid" name="clickCommunityLinkAndVerify" time="3.886"/>
</testsuite> <!-- Chrome Test -->
