<?xml version="1.0" encoding="UTF-8"?>
<!-- Generated by org.testng.reporters.JUnitXMLReporter -->
<testsuite ignored="0" hostname="LAPTOP-KHP3G1HB" failures="0" tests="10" name="Edge Test" time="20.844" errors="0" timestamp="17 Mar 2025 05:28:38 GMT">
  <testcase classname="automation.LambdaTestAutomationGrid" name="navigateToLambdaTest" time="0.316"/>
  <testcase classname="automation.LambdaTestAutomationGrid" name="clickExploreAllIntegrations" time="0.279"/>
  <testcase classname="automation.LambdaTestAutomationGrid" name="handleNewTab" time="0.097"/>
  <testcase classname="automation.LambdaTestAutomationGrid" name="verifyIntegrationsPageURL" time="0.118"/>
  <testcase classname="automation.LambdaTestAutomationGrid" name="scrollToCodelessAutomation" time="0.087"/>
  <testcase classname="automation.LambdaTestAutomationGrid" name="clickTestingWhizIntegration" time="0.536"/>
  <testcase classname="automation.LambdaTestAutomationGrid" name="verifyTestingWhizPageTitle" time="0.089"/>
  <testcase classname="automation.LambdaTestAutomationGrid" name="closeNewTabAndSwitchBack" time="0.195"/>
  <testcase classname="automation.LambdaTestAutomationGrid" name="navigateToBlog" time="0.761"/>
  <testcase classname="automation.LambdaTestAutomationGrid" name="clickCommunityLinkAndVerify" time="3.781"/>
</testsuite> <!-- Edge Test -->
